[35m[1mConsolidate compiler generated dependencies of target improved[0m
[ 50%] [32mBuilding CXX object CMakeFiles/improved.dir/src/improved.cpp.o[0m
[01m[K/home/morita/ros2_ws/src/improved/src/improved.cpp:[m[K In function â€˜[01m[Kint main(int, char**)[m[Kâ€™:
[01m[K/home/morita/ros2_ws/src/improved/src/improved.cpp:916:33:[m[K [01;31m[Kerror: [m[Kâ€˜[01m[Kthinned_Img[m[Kâ€™ was not declared in this scope
  916 |         ximgproc::thinning(img, [01;31m[Kthinned_Img[m[K, ximgproc::THINNING_ZHANGSUEN);
      |                                 [01;31m[K^~~~~~~~~~~[m[K
gmake[2]: *** [CMakeFiles/improved.dir/build.make:76: CMakeFiles/improved.dir/src/improved.cpp.o] Error 1
gmake[1]: *** [CMakeFiles/Makefile2:137: CMakeFiles/improved.dir/all] Error 2
gmake: *** [Makefile:146: all] Error 2
