[35m[1mConsolidate compiler generated dependencies of target improved[0m
[ 50%] [32mBuilding CXX object CMakeFiles/improved.dir/src/improved.cpp.o[0m
[01m[K/home/morita/ros2_ws/src/improved/src/improved.cpp:[m[K In function ‘[01m[Kint main(int, char**)[m[K’:
[01m[K/home/morita/ros2_ws/src/improved/src/improved.cpp:911:17:[m[K [01;31m[Kerror: [m[K‘[01m[Koutput_file[m[K’ was not declared in this scope; did you mean ‘[01m[Koutput_filename[m[K’?
  911 |         imwrite([01;31m[Koutput_file[m[K, img); // 線一つ分を画像に一枚保存する
      |                 [01;31m[K^~~~~~~~~~~[m[K
      |                 [32m[Koutput_filename[m[K
gmake[2]: *** [CMakeFiles/improved.dir/build.make:76: CMakeFiles/improved.dir/src/improved.cpp.o] Error 1
gmake[1]: *** [CMakeFiles/Makefile2:137: CMakeFiles/improved.dir/all] Error 2
gmake: *** [Makefile:146: all] Error 2
