[0.111s] Invoking command in '/home/morita/ros2_ws/build/improved': CMAKE_PREFIX_PATH=${CMAKE_PREFIX_PATH}:/opt/ros/humble /usr/bin/cmake --build /home/morita/ros2_ws/build/improved -- -j8 -l8
[0.151s] [35m[1mConsolidate compiler generated dependencies of target improved[0m
[0.167s] [ 50%] [32mBuilding CXX object CMakeFiles/improved.dir/src/improved.cpp.o[0m
[3.344s] [01m[K/home/morita/ros2_ws/src/improved/src/improved.cpp:[m[K In function ‚Äò[01m[Kint main(int, char**)[m[K‚Äô:
[3.344s] [01m[K/home/morita/ros2_ws/src/improved/src/improved.cpp:911:17:[m[K [01;31m[Kerror: [m[K‚Äò[01m[Koutput_file[m[K‚Äô was not declared in this scope; did you mean ‚Äò[01m[Koutput_filename[m[K‚Äô?
[3.344s]   911 |         imwrite([01;31m[Koutput_file[m[K, img); // Á∑ö‰∏Ä„Å§ÂàÜ„ÇíÁîªÂÉè„Å´‰∏ÄÊûö‰øùÂ≠ò„Åô„Çã
[3.344s]       |                 [01;31m[K^~~~~~~~~~~[m[K
[3.344s]       |                 [32m[Koutput_filename[m[K
[4.192s] gmake[2]: *** [CMakeFiles/improved.dir/build.make:76: CMakeFiles/improved.dir/src/improved.cpp.o] Error 1
[4.193s] gmake[1]: *** [CMakeFiles/Makefile2:137: CMakeFiles/improved.dir/all] Error 2
[4.193s] gmake: *** [Makefile:146: all] Error 2
[4.195s] Invoked command in '/home/morita/ros2_ws/build/improved' returned '2': CMAKE_PREFIX_PATH=${CMAKE_PREFIX_PATH}:/opt/ros/humble /usr/bin/cmake --build /home/morita/ros2_ws/build/improved -- -j8 -l8
