[0.083s] Invoking command in '/home/morita/ros2_ws/build/improved': CMAKE_PREFIX_PATH=/opt/ros/humble /usr/bin/cmake /home/morita/ros2_ws/src/improved -DCMAKE_INSTALL_PREFIX=/home/morita/ros2_ws/install/improved
[0.094s] -- Found ament_cmake: 1.3.5 (/opt/ros/humble/share/ament_cmake/cmake)
[0.232s] -- Found rclcpp: 16.0.6 (/opt/ros/humble/share/rclcpp/cmake)
[0.267s] -- Found rosidl_generator_c: 3.1.5 (/opt/ros/humble/share/rosidl_generator_c/cmake)
[0.270s] -- Found rosidl_adapter: 3.1.5 (/opt/ros/humble/share/rosidl_adapter/cmake)
[0.279s] -- Found rosidl_generator_cpp: 3.1.5 (/opt/ros/humble/share/rosidl_generator_cpp/cmake)
[0.290s] -- Using all available rosidl_typesupport_c: rosidl_typesupport_fastrtps_c;rosidl_typesupport_introspection_c
[0.306s] -- Using all available rosidl_typesupport_cpp: rosidl_typesupport_fastrtps_cpp;rosidl_typesupport_introspection_cpp
[0.362s] -- Found rmw_implementation_cmake: 6.1.1 (/opt/ros/humble/share/rmw_implementation_cmake/cmake)
[0.363s] -- Found rmw_fastrtps_cpp: 6.2.4 (/opt/ros/humble/share/rmw_fastrtps_cpp/cmake)
[0.457s] -- Using RMW implementation 'rmw_fastrtps_cpp' as default
[0.597s] -- Found sensor_msgs: 4.2.3 (/opt/ros/humble/share/sensor_msgs/cmake)
[0.708s] -- Found image_transport: 3.1.7 (/opt/ros/humble/share/image_transport/cmake)
[0.741s] -- Found cv_bridge: 3.2.1 (/opt/ros/humble/share/cv_bridge/cmake)
[0.750s] -- Found ament_lint_auto: 0.12.8 (/opt/ros/humble/share/ament_lint_auto/cmake)
[0.819s] -- Added test 'cppcheck' to perform static code analysis on C / C++ code
[0.819s] -- Configured cppcheck include dirs: 
[0.819s] -- Configured cppcheck exclude dirs and/or files: 
[0.820s] -- Added test 'lint_cmake' to check CMake code style
[0.821s] -- Added test 'uncrustify' to check C / C++ code style
[0.821s] -- Configured uncrustify additional arguments: 
[0.822s] -- Added test 'xmllint' to check XML markup files
[0.823s] -- Configuring done
[0.834s] -- Generating done
[0.835s] -- Build files have been written to: /home/morita/ros2_ws/build/improved
[0.843s] Invoked command in '/home/morita/ros2_ws/build/improved' returned '0': CMAKE_PREFIX_PATH=/opt/ros/humble /usr/bin/cmake /home/morita/ros2_ws/src/improved -DCMAKE_INSTALL_PREFIX=/home/morita/ros2_ws/install/improved
[0.843s] Invoking command in '/home/morita/ros2_ws/build/improved': CMAKE_PREFIX_PATH=/opt/ros/humble /usr/bin/cmake --build /home/morita/ros2_ws/build/improved -- -j8 -l8
[0.887s] [ 50%] [32mBuilding CXX object CMakeFiles/improved.dir/src/improved.cpp.o[0m
[3.901s] [01m[K/home/morita/ros2_ws/src/improved/src/improved.cpp:[m[K In function â€˜[01m[Kint main(int, char**)[m[Kâ€™:
[3.901s] [01m[K/home/morita/ros2_ws/src/improved/src/improved.cpp:923:17:[m[K [01;31m[Kerror: [m[Kâ€˜[01m[Koutput_filename1[m[Kâ€™ was not declared in this scope; did you mean â€˜[01m[Koutput_filename[m[Kâ€™?
[3.901s]   923 |         imwrite([01;31m[Koutput_filename1[m[K, thinned_Img);
[3.901s]       |                 [01;31m[K^~~~~~~~~~~~~~~~[m[K
[3.901s]       |                 [32m[Koutput_filename[m[K
[3.907s] [01m[K/home/morita/ros2_ws/src/improved/src/improved.cpp:923:35:[m[K [01;31m[Kerror: [m[Kâ€˜[01m[Kthinned_Img[m[Kâ€™ was not declared in this scope
[3.907s]   923 |         imwrite(output_filename1, [01;31m[Kthinned_Img[m[K);
[3.907s]       |                                   [01;31m[K^~~~~~~~~~~[m[K
[4.779s] gmake[2]: *** [CMakeFiles/improved.dir/build.make:76: CMakeFiles/improved.dir/src/improved.cpp.o] Error 1
[4.779s] gmake[1]: *** [CMakeFiles/Makefile2:137: CMakeFiles/improved.dir/all] Error 2
[4.779s] gmake: *** [Makefile:146: all] Error 2
[4.782s] Invoked command in '/home/morita/ros2_ws/build/improved' returned '2': CMAKE_PREFIX_PATH=/opt/ros/humble /usr/bin/cmake --build /home/morita/ros2_ws/build/improved -- -j8 -l8
