-- The C compiler identification is GNU 11.4.0
-- The CXX compiler identification is GNU 11.4.0
-- Detecting C compiler ABI info
-- Detecting C compiler ABI info - done
-- Check for working C compiler: /usr/bin/cc - skipped
-- Detecting C compile features
-- Detecting C compile features - done
-- Detecting CXX compiler ABI info
-- Detecting CXX compiler ABI info - done
-- Check for working CXX compiler: /usr/bin/c++ - skipped
-- Detecting CXX compile features
-- Detecting CXX compile features - done
-- Found ament_cmake: 1.3.6 (/opt/ros/humble/share/ament_cmake/cmake)
-- Found Python3: /usr/bin/python3.10 (found version "3.10.12") found components: Interpreter 
-- Found rclcpp: 16.0.7 (/opt/ros/humble/share/rclcpp/cmake)
-- Found rosidl_generator_c: 3.1.5 (/opt/ros/humble/share/rosidl_generator_c/cmake)
-- Found rosidl_adapter: 3.1.5 (/opt/ros/humble/share/rosidl_adapter/cmake)
-- Found rosidl_generator_cpp: 3.1.5 (/opt/ros/humble/share/rosidl_generator_cpp/cmake)
-- Using all available rosidl_typesupport_c: rosidl_typesupport_fastrtps_c;rosidl_typesupport_introspection_c
-- Using all available rosidl_typesupport_cpp: rosidl_typesupport_fastrtps_cpp;rosidl_typesupport_introspection_cpp
-- Found rmw_implementation_cmake: 6.1.1 (/opt/ros/humble/share/rmw_implementation_cmake/cmake)
-- Found rmw_fastrtps_cpp: 6.2.5 (/opt/ros/humble/share/rmw_fastrtps_cpp/cmake)
-- Found OpenSSL: /usr/lib/x86_64-linux-gnu/libcrypto.so (found version "3.0.2")  
-- Found FastRTPS: /opt/ros/humble/include  
-- Using RMW implementation 'rmw_fastrtps_cpp' as default
-- Looking for pthread.h
-- Looking for pthread.h - found
-- Performing Test CMAKE_HAVE_LIBC_PTHREAD
-- Performing Test CMAKE_HAVE_LIBC_PTHREAD - Success
-- Found Threads: TRUE  
-- Found sensor_msgs: 4.2.3 (/opt/ros/humble/share/sensor_msgs/cmake)
-- Found image_transport: 3.1.7 (/opt/ros/humble/share/image_transport/cmake)
-- Found OpenCV: /usr (found version "4.5.4") 
-- Found cv_bridge: 3.2.1 (/opt/ros/humble/share/cv_bridge/cmake)
-- Found ament_lint_auto: 0.12.9 (/opt/ros/humble/share/ament_lint_auto/cmake)
-- Added test 'cppcheck' to perform static code analysis on C / C++ code
-- Configured cppcheck include dirs: 
-- Configured cppcheck exclude dirs and/or files: 
-- Added test 'lint_cmake' to check CMake code style
-- Added test 'uncrustify' to check C / C++ code style
-- Configured uncrustify additional arguments: 
-- Added test 'xmllint' to check XML markup files
-- Configuring done
-- Generating done
-- Build files have been written to: /home/morita/ros2_ws/build/rectagletest
[ 50%] [32mBuilding CXX object CMakeFiles/rectangletest.dir/src/rectangletest.cpp.o[0m
[01m[K/home/morita/ros2_ws/src/rectagletest/src/rectangletest.cpp:[m[K In function â€˜[01m[Kint main()[m[Kâ€™:
[01m[K/home/morita/ros2_ws/src/rectagletest/src/rectangletest.cpp:6:9:[m[K [01;31m[Kerror: [m[Kâ€˜[01m[Kstring[m[Kâ€™ was not declared in this scope
    6 |         [01;31m[Kstring[m[K input_file = "/home/morita/ros2_ws/output/canny.jpg";
      |         [01;31m[K^~~~~~[m[K
[01m[K/home/morita/ros2_ws/src/rectagletest/src/rectangletest.cpp:6:9:[m[K [01;36m[Knote: [m[Ksuggested alternatives:
In file included from [01m[K/usr/include/c++/11/string:39[m[K,
                 from [01m[K/usr/include/opencv4/opencv2/core/cvstd.hpp:56[m[K,
                 from [01m[K/usr/include/opencv4/opencv2/core/base.hpp:58[m[K,
                 from [01m[K/usr/include/opencv4/opencv2/core.hpp:53[m[K,
                 from [01m[K/usr/include/opencv4/opencv2/opencv.hpp:52[m[K,
                 from [01m[K/home/morita/ros2_ws/src/rectagletest/src/rectangletest.cpp:1[m[K:
[01m[K/usr/include/c++/11/bits/stringfwd.h:79:33:[m[K [01;36m[Knote: [m[K  â€˜[01m[Kstd::string[m[Kâ€™
   79 |   typedef basic_string<char>    [01;36m[Kstring[m[K;
      |                                 [01;36m[K^~~~~~[m[K
In file included from [01m[K/usr/include/opencv4/opencv2/core/cvstd.hpp:56[m[K,
                 from [01m[K/usr/include/opencv4/opencv2/core/base.hpp:58[m[K,
                 from [01m[K/usr/include/opencv4/opencv2/core.hpp:53[m[K,
                 from [01m[K/usr/include/opencv4/opencv2/opencv.hpp:52[m[K,
                 from [01m[K/home/morita/ros2_ws/src/rectagletest/src/rectangletest.cpp:1[m[K:
[01m[K/usr/include/c++/11/string:67:11:[m[K [01;36m[Knote: [m[K  â€˜[01m[Kstd::pmr::string[m[Kâ€™
   67 |     using [01;36m[Kstring[m[K    = basic_string<char>;
      |           [01;36m[K^~~~~~[m[K
[01m[K/home/morita/ros2_ws/src/rectagletest/src/rectangletest.cpp:7:15:[m[K [01;31m[Kerror: [m[Kexpected â€˜[01m[K;[m[Kâ€™ before â€˜[01m[Koutput_file[m[Kâ€™
    7 |         string[01;31m[K [m[K[32m[Koutput_file[m[K = "/home/morita/ros2_ws/output/rectangle.jpg";
      |               [01;31m[K^[m[K[32m[K~~~~~~~~~~~[m[K
      |               [32m[K;[m[K
[01m[K/home/morita/ros2_ws/src/rectagletest/src/rectangletest.cpp:9:9:[m[K [01;31m[Kerror: [m[Kâ€˜[01m[KMat[m[Kâ€™ was not declared in this scope; did you mean â€˜[01m[Kcv::Mat[m[Kâ€™?
    9 |         [01;31m[KMat[m[K img = imread(input_file, IMREAD_COLOR);
      |         [01;31m[K^~~[m[K
      |         [32m[Kcv::Mat[m[K
In file included from [01m[K/usr/include/opencv4/opencv2/core.hpp:58[m[K,
                 from [01m[K/usr/include/opencv4/opencv2/opencv.hpp:52[m[K,
                 from [01m[K/home/morita/ros2_ws/src/rectagletest/src/rectangletest.cpp:1[m[K:
[01m[K/usr/include/opencv4/opencv2/core/mat.hpp:801:18:[m[K [01;36m[Knote: [m[Kâ€˜[01m[Kcv::Mat[m[Kâ€™ declared here
  801 | class CV_EXPORTS [01;36m[KMat[m[K
      |                  [01;36m[K^~~[m[K
[01m[K/home/morita/ros2_ws/src/rectagletest/src/rectangletest.cpp:11:9:[m[K [01;31m[Kerror: [m[Kâ€˜[01m[Ksize[m[Kâ€™ was not declared in this scope; did you mean â€˜[01m[Kstd::size[m[Kâ€™?
   11 |         [01;31m[Ksize[m[K = int(img.cols / 4);
      |         [01;31m[K^~~~[m[K
      |         [32m[Kstd::size[m[K
In file included from [01m[K/usr/include/c++/11/array:41[m[K,
                 from [01m[K/usr/include/opencv4/opencv2/core/cvdef.h:779[m[K,
                 from [01m[K/usr/include/opencv4/opencv2/core.hpp:52[m[K,
                 from [01m[K/usr/include/opencv4/opencv2/opencv.hpp:52[m[K,
                 from [01m[K/home/morita/ros2_ws/src/rectagletest/src/rectangletest.cpp:1[m[K:
[01m[K/usr/include/c++/11/bits/range_access.h:254:5:[m[K [01;36m[Knote: [m[Kâ€˜[01m[Kstd::size[m[Kâ€™ declared here
  254 |     [01;36m[Ksize[m[K(const _Tp (&)[_Nm]) noexcept
      |     [01;36m[K^~~~[m[K
[01m[K/home/morita/ros2_ws/src/rectagletest/src/rectangletest.cpp:11:20:[m[K [01;31m[Kerror: [m[Kâ€˜[01m[Kimg[m[Kâ€™ was not declared in this scope
   11 |         size = int([01;31m[Kimg[m[K.cols / 4);
      |                    [01;31m[K^~~[m[K
[01m[K/home/morita/ros2_ws/src/rectagletest/src/rectangletest.cpp:12:9:[m[K [01;31m[Kerror: [m[Kâ€˜[01m[Kx[m[Kâ€™ was not declared in this scope
   12 |         [01;31m[Kx[m[K = (img.cols / 2) / 3;
      |         [01;31m[K^[m[K
[01m[K/home/morita/ros2_ws/src/rectagletest/src/rectangletest.cpp:13:9:[m[K [01;31m[Kerror: [m[Kâ€˜[01m[Ky[m[Kâ€™ was not declared in this scope; did you mean â€˜[01m[Kyn[m[Kâ€™?
   13 |         [01;31m[Ky[m[K = size;
      |         [01;31m[K^[m[K
      |         [32m[Kyn[m[K
[01m[K/home/morita/ros2_ws/src/rectagletest/src/rectangletest.cpp:16:24:[m[K [01;31m[Kerror: [m[Kâ€˜[01m[KPoint[m[Kâ€™ was not declared in this scope; did you mean â€˜[01m[Kcv::Point[m[Kâ€™?
   16 |         rectangle(img, [01;31m[KPoint[m[K(x, y), Point(x + size, y + size), Scalar(0,0,255), 3);
      |                        [01;31m[K^~~~~[m[K
      |                        [32m[Kcv::Point[m[K
In file included from [01m[K/usr/include/opencv4/opencv2/core.hpp:57[m[K,
                 from [01m[K/usr/include/opencv4/opencv2/opencv.hpp:52[m[K,
                 from [01m[K/home/morita/ros2_ws/src/rectagletest/src/rectangletest.cpp:1[m[K:
[01m[K/usr/include/opencv4/opencv2/core/types.hpp:198:17:[m[K [01;36m[Knote: [m[Kâ€˜[01m[Kcv::Point[m[Kâ€™ declared here
  198 | typedef Point2i [01;36m[KPoint[m[K;
      |                 [01;36m[K^~~~~[m[K
[01m[K/home/morita/ros2_ws/src/rectagletest/src/rectangletest.cpp:16:64:[m[K [01;31m[Kerror: [m[Kâ€˜[01m[KScalar[m[Kâ€™ was not declared in this scope; did you mean â€˜[01m[Kcv::Scalar[m[Kâ€™?
   16 |         rectangle(img, Point(x, y), Point(x + size, y + size), [01;31m[KScalar[m[K(0,0,255), 3);
      |                                                                [01;31m[K^~~~~~[m[K
      |                                                                [32m[Kcv::Scalar[m[K
In file included from [01m[K/usr/include/opencv4/opencv2/core.hpp:57[m[K,
                 from [01m[K/usr/include/opencv4/opencv2/opencv.hpp:52[m[K,
                 from [01m[K/home/morita/ros2_ws/src/rectagletest/src/rectangletest.cpp:1[m[K:
[01m[K/usr/include/opencv4/opencv2/core/types.hpp:685:25:[m[K [01;36m[Knote: [m[Kâ€˜[01m[Kcv::Scalar[m[Kâ€™ declared here
  685 | typedef Scalar_<double> [01;36m[KScalar[m[K;
      |                         [01;36m[K^~~~~~[m[K
[01m[K/home/morita/ros2_ws/src/rectagletest/src/rectangletest.cpp:16:9:[m[K [01;31m[Kerror: [m[Kâ€˜[01m[Krectangle[m[Kâ€™ was not declared in this scope; did you mean â€˜[01m[Kcv::rectangle[m[Kâ€™?
   16 |         [01;31m[Krectangle[m[K(img, Point(x, y), Point(x + size, y + size), Scalar(0,0,255), 3);
      |         [01;31m[K^~~~~~~~~[m[K
      |         [32m[Kcv::rectangle[m[K
In file included from [01m[K/usr/include/opencv4/opencv2/opencv.hpp:74[m[K,
                 from [01m[K/home/morita/ros2_ws/src/rectagletest/src/rectangletest.cpp:1[m[K:
[01m[K/usr/include/opencv4/opencv2/imgproc.hpp:4441:19:[m[K [01;36m[Knote: [m[Kâ€˜[01m[Kcv::rectangle[m[Kâ€™ declared here
 4441 | CV_EXPORTS_W void [01;36m[Krectangle[m[K(InputOutputArray img, Rect rec,
      |                   [01;36m[K^~~~~~~~~[m[K
[01m[K/home/morita/ros2_ws/src/rectagletest/src/rectangletest.cpp:18:17:[m[K [01;31m[Kerror: [m[Kâ€˜[01m[Koutput_file[m[Kâ€™ was not declared in this scope
   18 |         imwrite([01;31m[Koutput_file[m[K, img);
      |                 [01;31m[K^~~~~~~~~~~[m[K
[01m[K/home/morita/ros2_ws/src/rectagletest/src/rectangletest.cpp:18:9:[m[K [01;31m[Kerror: [m[Kâ€˜[01m[Kimwrite[m[Kâ€™ was not declared in this scope; did you mean â€˜[01m[Kcv::imwrite[m[Kâ€™?
   18 |         [01;31m[Kimwrite[m[K(output_file, img);
      |         [01;31m[K^~~~~~~[m[K
      |         [32m[Kcv::imwrite[m[K
In file included from [01m[K/usr/include/opencv4/opencv2/highgui.hpp:48[m[K,
                 from [01m[K/usr/include/opencv4/opencv2/opencv.hpp:68[m[K,
                 from [01m[K/home/morita/ros2_ws/src/rectagletest/src/rectangletest.cpp:1[m[K:
[01m[K/usr/include/opencv4/opencv2/imgcodecs.hpp:267:19:[m[K [01;36m[Knote: [m[Kâ€˜[01m[Kcv::imwrite[m[Kâ€™ declared here
  267 | CV_EXPORTS_W bool [01;36m[Kimwrite[m[K( const String& filename, InputArray img,
      |                   [01;36m[K^~~~~~~[m[K
gmake[2]: *** [CMakeFiles/rectangletest.dir/build.make:76: CMakeFiles/rectangletest.dir/src/rectangletest.cpp.o] Error 1
gmake[1]: *** [CMakeFiles/Makefile2:137: CMakeFiles/rectangletest.dir/all] Error 2
gmake: *** [Makefile:146: all] Error 2
