[0.054s] Invoking command in '/home/morita/ros2_ws/build/rectagletest': CMAKE_PREFIX_PATH=/opt/ros/humble /usr/bin/cmake /home/morita/ros2_ws/src/rectagletest -DCMAKE_INSTALL_PREFIX=/home/morita/ros2_ws/install/rectagletest
[0.134s] -- The C compiler identification is GNU 11.4.0
[0.191s] -- The CXX compiler identification is GNU 11.4.0
[0.201s] -- Detecting C compiler ABI info
[0.269s] -- Detecting C compiler ABI info - done
[0.282s] -- Check for working C compiler: /usr/bin/cc - skipped
[0.282s] -- Detecting C compile features
[0.282s] -- Detecting C compile features - done
[0.287s] -- Detecting CXX compiler ABI info
[0.362s] -- Detecting CXX compiler ABI info - done
[0.370s] -- Check for working CXX compiler: /usr/bin/c++ - skipped
[0.370s] -- Detecting CXX compile features
[0.371s] -- Detecting CXX compile features - done
[0.374s] -- Found ament_cmake: 1.3.6 (/opt/ros/humble/share/ament_cmake/cmake)
[0.543s] -- Found Python3: /usr/bin/python3.10 (found version "3.10.12") found components: Interpreter 
[0.739s] -- Found rclcpp: 16.0.7 (/opt/ros/humble/share/rclcpp/cmake)
[0.792s] -- Found rosidl_generator_c: 3.1.5 (/opt/ros/humble/share/rosidl_generator_c/cmake)
[0.797s] -- Found rosidl_adapter: 3.1.5 (/opt/ros/humble/share/rosidl_adapter/cmake)
[0.808s] -- Found rosidl_generator_cpp: 3.1.5 (/opt/ros/humble/share/rosidl_generator_cpp/cmake)
[0.824s] -- Using all available rosidl_typesupport_c: rosidl_typesupport_fastrtps_c;rosidl_typesupport_introspection_c
[0.847s] -- Using all available rosidl_typesupport_cpp: rosidl_typesupport_fastrtps_cpp;rosidl_typesupport_introspection_cpp
[0.932s] -- Found rmw_implementation_cmake: 6.1.1 (/opt/ros/humble/share/rmw_implementation_cmake/cmake)
[0.936s] -- Found rmw_fastrtps_cpp: 6.2.5 (/opt/ros/humble/share/rmw_fastrtps_cpp/cmake)
[1.068s] -- Found OpenSSL: /usr/lib/x86_64-linux-gnu/libcrypto.so (found version "3.0.2")  
[1.094s] -- Found FastRTPS: /opt/ros/humble/include  
[1.138s] -- Using RMW implementation 'rmw_fastrtps_cpp' as default
[1.149s] -- Looking for pthread.h
[1.213s] -- Looking for pthread.h - found
[1.213s] -- Performing Test CMAKE_HAVE_LIBC_PTHREAD
[1.279s] -- Performing Test CMAKE_HAVE_LIBC_PTHREAD - Success
[1.280s] -- Found Threads: TRUE  
[1.468s] -- Found sensor_msgs: 4.2.3 (/opt/ros/humble/share/sensor_msgs/cmake)
[1.680s] -- Found image_transport: 3.1.7 (/opt/ros/humble/share/image_transport/cmake)
[1.761s] -- Found OpenCV: /usr (found version "4.5.4") 
[1.763s] -- Found cv_bridge: 3.2.1 (/opt/ros/humble/share/cv_bridge/cmake)
[1.777s] -- Found ament_lint_auto: 0.12.9 (/opt/ros/humble/share/ament_lint_auto/cmake)
[1.857s] -- Added test 'cppcheck' to perform static code analysis on C / C++ code
[1.857s] -- Configured cppcheck include dirs: 
[1.857s] -- Configured cppcheck exclude dirs and/or files: 
[1.858s] -- Added test 'lint_cmake' to check CMake code style
[1.859s] -- Added test 'uncrustify' to check C / C++ code style
[1.859s] -- Configured uncrustify additional arguments: 
[1.860s] -- Added test 'xmllint' to check XML markup files
[1.861s] -- Configuring done
[1.875s] -- Generating done
[1.876s] -- Build files have been written to: /home/morita/ros2_ws/build/rectagletest
[1.887s] Invoked command in '/home/morita/ros2_ws/build/rectagletest' returned '0': CMAKE_PREFIX_PATH=/opt/ros/humble /usr/bin/cmake /home/morita/ros2_ws/src/rectagletest -DCMAKE_INSTALL_PREFIX=/home/morita/ros2_ws/install/rectagletest
[1.888s] Invoking command in '/home/morita/ros2_ws/build/rectagletest': CMAKE_PREFIX_PATH=/opt/ros/humble /usr/bin/cmake --build /home/morita/ros2_ws/build/rectagletest -- -j8 -l8
[1.931s] [ 50%] [32mBuilding CXX object CMakeFiles/rectangletest.dir/src/rectangletest.cpp.o[0m
[3.178s] [01m[K/home/morita/ros2_ws/src/rectagletest/src/rectangletest.cpp:[m[K In function â€˜[01m[Kint main()[m[Kâ€™:
[3.178s] [01m[K/home/morita/ros2_ws/src/rectagletest/src/rectangletest.cpp:6:9:[m[K [01;31m[Kerror: [m[Kâ€˜[01m[Kstring[m[Kâ€™ was not declared in this scope
[3.178s]     6 |         [01;31m[Kstring[m[K input_file = "/home/morita/ros2_ws/output/canny.jpg";
[3.178s]       |         [01;31m[K^~~~~~[m[K
[3.179s] [01m[K/home/morita/ros2_ws/src/rectagletest/src/rectangletest.cpp:6:9:[m[K [01;36m[Knote: [m[Ksuggested alternatives:
[3.179s] In file included from [01m[K/usr/include/c++/11/string:39[m[K,
[3.179s]                  from [01m[K/usr/include/opencv4/opencv2/core/cvstd.hpp:56[m[K,
[3.179s]                  from [01m[K/usr/include/opencv4/opencv2/core/base.hpp:58[m[K,
[3.180s]                  from [01m[K/usr/include/opencv4/opencv2/core.hpp:53[m[K,
[3.180s]                  from [01m[K/usr/include/opencv4/opencv2/opencv.hpp:52[m[K,
[3.180s]                  from [01m[K/home/morita/ros2_ws/src/rectagletest/src/rectangletest.cpp:1[m[K:
[3.180s] [01m[K/usr/include/c++/11/bits/stringfwd.h:79:33:[m[K [01;36m[Knote: [m[K  â€˜[01m[Kstd::string[m[Kâ€™
[3.180s]    79 |   typedef basic_string<char>    [01;36m[Kstring[m[K;
[3.180s]       |                                 [01;36m[K^~~~~~[m[K
[3.180s] In file included from [01m[K/usr/include/opencv4/opencv2/core/cvstd.hpp:56[m[K,
[3.180s]                  from [01m[K/usr/include/opencv4/opencv2/core/base.hpp:58[m[K,
[3.180s]                  from [01m[K/usr/include/opencv4/opencv2/core.hpp:53[m[K,
[3.180s]                  from [01m[K/usr/include/opencv4/opencv2/opencv.hpp:52[m[K,
[3.180s]                  from [01m[K/home/morita/ros2_ws/src/rectagletest/src/rectangletest.cpp:1[m[K:
[3.180s] [01m[K/usr/include/c++/11/string:67:11:[m[K [01;36m[Knote: [m[K  â€˜[01m[Kstd::pmr::string[m[Kâ€™
[3.181s]    67 |     using [01;36m[Kstring[m[K    = basic_string<char>;
[3.181s]       |           [01;36m[K^~~~~~[m[K
[3.181s] [01m[K/home/morita/ros2_ws/src/rectagletest/src/rectangletest.cpp:7:15:[m[K [01;31m[Kerror: [m[Kexpected â€˜[01m[K;[m[Kâ€™ before â€˜[01m[Koutput_file[m[Kâ€™
[3.181s]     7 |         string[01;31m[K [m[K[32m[Koutput_file[m[K = "/home/morita/ros2_ws/output/rectangle.jpg";
[3.181s]       |               [01;31m[K^[m[K[32m[K~~~~~~~~~~~[m[K
[3.181s]       |               [32m[K;[m[K
[3.181s] [01m[K/home/morita/ros2_ws/src/rectagletest/src/rectangletest.cpp:9:9:[m[K [01;31m[Kerror: [m[Kâ€˜[01m[KMat[m[Kâ€™ was not declared in this scope; did you mean â€˜[01m[Kcv::Mat[m[Kâ€™?
[3.181s]     9 |         [01;31m[KMat[m[K img = imread(input_file, IMREAD_COLOR);
[3.181s]       |         [01;31m[K^~~[m[K
[3.181s]       |         [32m[Kcv::Mat[m[K
[3.181s] In file included from [01m[K/usr/include/opencv4/opencv2/core.hpp:58[m[K,
[3.181s]                  from [01m[K/usr/include/opencv4/opencv2/opencv.hpp:52[m[K,
[3.181s]                  from [01m[K/home/morita/ros2_ws/src/rectagletest/src/rectangletest.cpp:1[m[K:
[3.182s] [01m[K/usr/include/opencv4/opencv2/core/mat.hpp:801:18:[m[K [01;36m[Knote: [m[Kâ€˜[01m[Kcv::Mat[m[Kâ€™ declared here
[3.182s]   801 | class CV_EXPORTS [01;36m[KMat[m[K
[3.182s]       |                  [01;36m[K^~~[m[K
[3.182s] [01m[K/home/morita/ros2_ws/src/rectagletest/src/rectangletest.cpp:11:9:[m[K [01;31m[Kerror: [m[Kâ€˜[01m[Ksize[m[Kâ€™ was not declared in this scope; did you mean â€˜[01m[Kstd::size[m[Kâ€™?
[3.182s]    11 |         [01;31m[Ksize[m[K = int(img.cols / 4);
[3.182s]       |         [01;31m[K^~~~[m[K
[3.182s]       |         [32m[Kstd::size[m[K
[3.182s] In file included from [01m[K/usr/include/c++/11/array:41[m[K,
[3.182s]                  from [01m[K/usr/include/opencv4/opencv2/core/cvdef.h:779[m[K,
[3.182s]                  from [01m[K/usr/include/opencv4/opencv2/core.hpp:52[m[K,
[3.182s]                  from [01m[K/usr/include/opencv4/opencv2/opencv.hpp:52[m[K,
[3.182s]                  from [01m[K/home/morita/ros2_ws/src/rectagletest/src/rectangletest.cpp:1[m[K:
[3.182s] [01m[K/usr/include/c++/11/bits/range_access.h:254:5:[m[K [01;36m[Knote: [m[Kâ€˜[01m[Kstd::size[m[Kâ€™ declared here
[3.182s]   254 |     [01;36m[Ksize[m[K(const _Tp (&)[_Nm]) noexcept
[3.182s]       |     [01;36m[K^~~~[m[K
[3.183s] [01m[K/home/morita/ros2_ws/src/rectagletest/src/rectangletest.cpp:11:20:[m[K [01;31m[Kerror: [m[Kâ€˜[01m[Kimg[m[Kâ€™ was not declared in this scope
[3.183s]    11 |         size = int([01;31m[Kimg[m[K.cols / 4);
[3.183s]       |                    [01;31m[K^~~[m[K
[3.186s] [01m[K/home/morita/ros2_ws/src/rectagletest/src/rectangletest.cpp:12:9:[m[K [01;31m[Kerror: [m[Kâ€˜[01m[Kx[m[Kâ€™ was not declared in this scope
[3.186s]    12 |         [01;31m[Kx[m[K = (img.cols / 2) / 3;
[3.186s]       |         [01;31m[K^[m[K
[3.188s] [01m[K/home/morita/ros2_ws/src/rectagletest/src/rectangletest.cpp:13:9:[m[K [01;31m[Kerror: [m[Kâ€˜[01m[Ky[m[Kâ€™ was not declared in this scope; did you mean â€˜[01m[Kyn[m[Kâ€™?
[3.188s]    13 |         [01;31m[Ky[m[K = size;
[3.188s]       |         [01;31m[K^[m[K
[3.188s]       |         [32m[Kyn[m[K
[3.189s] [01m[K/home/morita/ros2_ws/src/rectagletest/src/rectangletest.cpp:16:24:[m[K [01;31m[Kerror: [m[Kâ€˜[01m[KPoint[m[Kâ€™ was not declared in this scope; did you mean â€˜[01m[Kcv::Point[m[Kâ€™?
[3.189s]    16 |         rectangle(img, [01;31m[KPoint[m[K(x, y), Point(x + size, y + size), Scalar(0,0,255), 3);
[3.189s]       |                        [01;31m[K^~~~~[m[K
[3.189s]       |                        [32m[Kcv::Point[m[K
[3.189s] In file included from [01m[K/usr/include/opencv4/opencv2/core.hpp:57[m[K,
[3.189s]                  from [01m[K/usr/include/opencv4/opencv2/opencv.hpp:52[m[K,
[3.189s]                  from [01m[K/home/morita/ros2_ws/src/rectagletest/src/rectangletest.cpp:1[m[K:
[3.190s] [01m[K/usr/include/opencv4/opencv2/core/types.hpp:198:17:[m[K [01;36m[Knote: [m[Kâ€˜[01m[Kcv::Point[m[Kâ€™ declared here
[3.190s]   198 | typedef Point2i [01;36m[KPoint[m[K;
[3.190s]       |                 [01;36m[K^~~~~[m[K
[3.190s] [01m[K/home/morita/ros2_ws/src/rectagletest/src/rectangletest.cpp:16:64:[m[K [01;31m[Kerror: [m[Kâ€˜[01m[KScalar[m[Kâ€™ was not declared in this scope; did you mean â€˜[01m[Kcv::Scalar[m[Kâ€™?
[3.190s]    16 |         rectangle(img, Point(x, y), Point(x + size, y + size), [01;31m[KScalar[m[K(0,0,255), 3);
[3.190s]       |                                                                [01;31m[K^~~~~~[m[K
[3.190s]       |                                                                [32m[Kcv::Scalar[m[K
[3.190s] In file included from [01m[K/usr/include/opencv4/opencv2/core.hpp:57[m[K,
[3.190s]                  from [01m[K/usr/include/opencv4/opencv2/opencv.hpp:52[m[K,
[3.190s]                  from [01m[K/home/morita/ros2_ws/src/rectagletest/src/rectangletest.cpp:1[m[K:
[3.190s] [01m[K/usr/include/opencv4/opencv2/core/types.hpp:685:25:[m[K [01;36m[Knote: [m[Kâ€˜[01m[Kcv::Scalar[m[Kâ€™ declared here
[3.190s]   685 | typedef Scalar_<double> [01;36m[KScalar[m[K;
[3.190s]       |                         [01;36m[K^~~~~~[m[K
[3.190s] [01m[K/home/morita/ros2_ws/src/rectagletest/src/rectangletest.cpp:16:9:[m[K [01;31m[Kerror: [m[Kâ€˜[01m[Krectangle[m[Kâ€™ was not declared in this scope; did you mean â€˜[01m[Kcv::rectangle[m[Kâ€™?
[3.191s]    16 |         [01;31m[Krectangle[m[K(img, Point(x, y), Point(x + size, y + size), Scalar(0,0,255), 3);
[3.191s]       |         [01;31m[K^~~~~~~~~[m[K
[3.191s]       |         [32m[Kcv::rectangle[m[K
[3.191s] In file included from [01m[K/usr/include/opencv4/opencv2/opencv.hpp:74[m[K,
[3.191s]                  from [01m[K/home/morita/ros2_ws/src/rectagletest/src/rectangletest.cpp:1[m[K:
[3.191s] [01m[K/usr/include/opencv4/opencv2/imgproc.hpp:4441:19:[m[K [01;36m[Knote: [m[Kâ€˜[01m[Kcv::rectangle[m[Kâ€™ declared here
[3.191s]  4441 | CV_EXPORTS_W void [01;36m[Krectangle[m[K(InputOutputArray img, Rect rec,
[3.191s]       |                   [01;36m[K^~~~~~~~~[m[K
[3.194s] [01m[K/home/morita/ros2_ws/src/rectagletest/src/rectangletest.cpp:18:17:[m[K [01;31m[Kerror: [m[Kâ€˜[01m[Koutput_file[m[Kâ€™ was not declared in this scope
[3.194s]    18 |         imwrite([01;31m[Koutput_file[m[K, img);
[3.194s]       |                 [01;31m[K^~~~~~~~~~~[m[K
[3.195s] [01m[K/home/morita/ros2_ws/src/rectagletest/src/rectangletest.cpp:18:9:[m[K [01;31m[Kerror: [m[Kâ€˜[01m[Kimwrite[m[Kâ€™ was not declared in this scope; did you mean â€˜[01m[Kcv::imwrite[m[Kâ€™?
[3.195s]    18 |         [01;31m[Kimwrite[m[K(output_file, img);
[3.195s]       |         [01;31m[K^~~~~~~[m[K
[3.195s]       |         [32m[Kcv::imwrite[m[K
[3.195s] In file included from [01m[K/usr/include/opencv4/opencv2/highgui.hpp:48[m[K,
[3.195s]                  from [01m[K/usr/include/opencv4/opencv2/opencv.hpp:68[m[K,
[3.195s]                  from [01m[K/home/morita/ros2_ws/src/rectagletest/src/rectangletest.cpp:1[m[K:
[3.195s] [01m[K/usr/include/opencv4/opencv2/imgcodecs.hpp:267:19:[m[K [01;36m[Knote: [m[Kâ€˜[01m[Kcv::imwrite[m[Kâ€™ declared here
[3.195s]   267 | CV_EXPORTS_W bool [01;36m[Kimwrite[m[K( const String& filename, InputArray img,
[3.195s]       |                   [01;36m[K^~~~~~~[m[K
[3.618s] gmake[2]: *** [CMakeFiles/rectangletest.dir/build.make:76: CMakeFiles/rectangletest.dir/src/rectangletest.cpp.o] Error 1
[3.618s] gmake[1]: *** [CMakeFiles/Makefile2:137: CMakeFiles/rectangletest.dir/all] Error 2
[3.618s] gmake: *** [Makefile:146: all] Error 2
[3.620s] Invoked command in '/home/morita/ros2_ws/build/rectagletest' returned '2': CMAKE_PREFIX_PATH=/opt/ros/humble /usr/bin/cmake --build /home/morita/ros2_ws/build/rectagletest -- -j8 -l8
