[0.020s] Invoking command in '/home/hiromasa/ros2_ws/build/mypkg': CMAKE_PREFIX_PATH=${CMAKE_PREFIX_PATH}:/opt/ros/humble /usr/bin/cmake --build /home/hiromasa/ros2_ws/build/mypkg -- -j8 -l8
[0.068s] [35m[1mConsolidate compiler generated dependencies of target mypkg[0m
[0.084s] [ 50%] [32mBuilding CXX object CMakeFiles/mypkg.dir/src/mypkg.cpp.o[0m
[3.205s] [01m[K/home/hiromasa/ros2_ws/src/mypkg/src/mypkg.cpp:[m[K In function â€˜[01m[Kint main(int, char**)[m[Kâ€™:
[3.205s] [01m[K/home/hiromasa/ros2_ws/src/mypkg/src/mypkg.cpp:924:17:[m[K [01;31m[Kerror: [m[Kexpected â€˜[01m[K}[m[Kâ€™ before â€˜[01m[Kelse[m[Kâ€™
[3.205s]   924 |                 [01;31m[Kelse[m[K if(img.cols < img.rows){ // ãƒ¨ã‚³é•·ã®å ´åˆ
[3.205s]       |                 [01;31m[K^~~~[m[K
[3.205s] [01m[K/home/hiromasa/ros2_ws/src/mypkg/src/mypkg.cpp:922:40:[m[K [01;36m[Knote: [m[Kto match this â€˜[01m[K{[m[Kâ€™
[3.205s]   922 |                 if(img.cols < img.rows)[01;36m[K{[m[K // ã‚¿ãƒ†é•·ã®å ´åˆ
[3.205s]       |                                        [01;36m[K^[m[K
[3.209s] [01m[K/home/hiromasa/ros2_ws/src/mypkg/src/mypkg.cpp:993:2:[m[K [01;31m[Kerror: [m[Kexpected â€˜[01m[K}[m[Kâ€™ at end of input
[3.209s]   993 | }
[3.209s]       |  [01;31m[K^[m[K
[3.209s] [01m[K/home/hiromasa/ros2_ws/src/mypkg/src/mypkg.cpp:897:32:[m[K [01;36m[Knote: [m[Kto match this â€˜[01m[K{[m[Kâ€™
[3.209s]   897 | int main(int argc, char** argv)[01;36m[K{[m[K
[3.209s]       |                                [01;36m[K^[m[K
[4.084s] gmake[2]: *** [CMakeFiles/mypkg.dir/build.make:76: CMakeFiles/mypkg.dir/src/mypkg.cpp.o] ã‚¨ãƒ©ãƒ¼ 1
[4.084s] gmake[1]: *** [CMakeFiles/Makefile2:137: CMakeFiles/mypkg.dir/all] ã‚¨ãƒ©ãƒ¼ 2
[4.084s] gmake: *** [Makefile:146: all] ã‚¨ãƒ©ãƒ¼ 2
[4.086s] Invoked command in '/home/hiromasa/ros2_ws/build/mypkg' returned '2': CMAKE_PREFIX_PATH=${CMAKE_PREFIX_PATH}:/opt/ros/humble /usr/bin/cmake --build /home/hiromasa/ros2_ws/build/mypkg -- -j8 -l8
