[0.175s] Invoking command in '/home/morita/ros2_ws/build/improved': CMAKE_PREFIX_PATH=${CMAKE_PREFIX_PATH}:/opt/ros/humble /usr/bin/cmake --build /home/morita/ros2_ws/build/improved -- -j8 -l8
[0.212s] [35m[1mConsolidate compiler generated dependencies of target improved[0m
[0.229s] [ 50%] [32mBuilding CXX object CMakeFiles/improved.dir/src/improved.cpp.o[0m
[3.248s] [01m[K/home/morita/ros2_ws/src/improved/src/improved.cpp:[m[K In function ‚Äò[01m[Kint main(int, char**)[m[K‚Äô:
[3.248s] [01m[K/home/morita/ros2_ws/src/improved/src/improved.cpp:905:27:[m[K [01;31m[Kerror: [m[K‚Äò[01m[KbinaryImg[m[K‚Äô was not declared in this scope
[3.249s]   905 |         create2DbinaryImg([01;31m[KbinaryImg[m[K, img); // 0, 1„Å´2ÂÄ§Âåñ„ÇíË°å„ÅÜÈñ¢Êï∞
[3.249s]       |                           [01;31m[K^~~~~~~~~[m[K
[3.250s] [01m[K/home/morita/ros2_ws/src/improved/src/improved.cpp:941:18:[m[K [01;31m[Kerror: [m[Ktype ‚Äò[01m[K<type error>[m[K‚Äô argument given to ‚Äò[01m[Kdelete[m[K‚Äô, expected pointer
[3.250s]   941 |         delete[] [01;31m[KbinaryImg[m[K;
[3.250s]       |                  [01;31m[K^~~~~~~~~[m[K
[4.120s] gmake[2]: *** [CMakeFiles/improved.dir/build.make:76: CMakeFiles/improved.dir/src/improved.cpp.o] Error 1
[4.120s] gmake[1]: *** [CMakeFiles/Makefile2:137: CMakeFiles/improved.dir/all] Error 2
[4.121s] gmake: *** [Makefile:146: all] Error 2
[4.125s] Invoked command in '/home/morita/ros2_ws/build/improved' returned '2': CMAKE_PREFIX_PATH=${CMAKE_PREFIX_PATH}:/opt/ros/humble /usr/bin/cmake --build /home/morita/ros2_ws/build/improved -- -j8 -l8
