[0.090s] Invoking command in '/home/morita/ros2_ws/build/mypkg': CMAKE_PREFIX_PATH=/opt/ros/humble /usr/bin/cmake --build /home/morita/ros2_ws/build/mypkg -- -j8 -l8
[0.139s] [ 50%] [32mBuilding CXX object CMakeFiles/mypkg.dir/src/mypkg.cpp.o[0m
[3.164s] [01m[K/home/morita/ros2_ws/src/mypkg/src/mypkg.cpp:[m[K In function â€˜[01m[Kvoid Decide_startPoint(cv::Mat, int*, int*, int**)[m[Kâ€™:
[3.164s] [01m[K/home/morita/ros2_ws/src/mypkg/src/mypkg.cpp:84:1:[m[K [01;31m[Kerror: [m[Kexpected primary-expression before â€˜[01m[K/[m[Kâ€™ token
[3.164s]    84 | [01;31m[K/[m[K                       }
[3.164s]       | [01;31m[K^[m[K
[3.164s] [01m[K/home/morita/ros2_ws/src/mypkg/src/mypkg.cpp:84:25:[m[K [01;31m[Kerror: [m[Kexpected primary-expression before â€˜[01m[K}[m[Kâ€™ token
[3.164s]    84 | /                       [01;31m[K}[m[K
[3.165s]       |                         [01;31m[K^[m[K
[4.014s] gmake[2]: *** [CMakeFiles/mypkg.dir/build.make:76: CMakeFiles/mypkg.dir/src/mypkg.cpp.o] Error 1
[4.014s] gmake[1]: *** [CMakeFiles/Makefile2:137: CMakeFiles/mypkg.dir/all] Error 2
[4.014s] gmake: *** [Makefile:146: all] Error 2
[4.016s] Invoked command in '/home/morita/ros2_ws/build/mypkg' returned '2': CMAKE_PREFIX_PATH=/opt/ros/humble /usr/bin/cmake --build /home/morita/ros2_ws/build/mypkg -- -j8 -l8
