[0.020s] Invoking command in '/home/hiromasa/ros2_ws/build/mypkg': CMAKE_PREFIX_PATH=/opt/ros/humble /usr/bin/cmake --build /home/hiromasa/ros2_ws/build/mypkg -- -j8 -l8
[0.155s] [ 50%] [32mBuilding CXX object CMakeFiles/mypkg.dir/src/mypkg.cpp.o[0m
[3.653s] [01m[K/home/hiromasa/ros2_ws/src/mypkg/src/mypkg.cpp:[m[K In function â€˜[01m[Kvoid route_search(int*, int*, int*, int*, int*, int (*)[2], int**)[m[Kâ€™:
[3.653s] [01m[K/home/hiromasa/ros2_ws/src/mypkg/src/mypkg.cpp:715:48:[m[K [01;31m[Kerror: [m[Kâ€˜[01m[Kj[m[Kâ€™ was not declared in this scope
[3.653s]   715 |                                 *lines_count = [01;31m[Kj[m[K;
[3.653s]       |                                                [01;31m[K^[m[K
[3.655s] [01m[K/home/hiromasa/ros2_ws/src/mypkg/src/mypkg.cpp:[m[K At global scope:
[3.655s] [01m[K/home/hiromasa/ros2_ws/src/mypkg/src/mypkg.cpp:735:22:[m[K [01;31m[Kerror: [m[Kexpected constructor, destructor, or type conversion before â€˜[01m[K([m[Kâ€™ token
[3.655s]   735 |         isolate_point[01;31m[K([m[Kp, binaryImg);
[3.655s]       |                      [01;31m[K^[m[K
[3.655s] [01m[K/home/hiromasa/ros2_ws/src/mypkg/src/mypkg.cpp:738:22:[m[K [01;31m[Kerror: [m[Kexpected constructor, destructor, or type conversion before â€˜[01m[K+=[m[Kâ€™ token
[3.656s]   738 |         *lines_count [01;31m[K+=[m[K 1;
[3.656s]       |                      [01;31m[K^~[m[K
[3.657s] [01m[K/home/hiromasa/ros2_ws/src/mypkg/src/mypkg.cpp:740:9:[m[K [01;31m[Kerror: [m[Kâ€˜[01m[Kcout[m[Kâ€™ does not name a type
[3.657s]   740 |         [01;31m[Kcout[m[K << "it will follow no end point line " << endl;
[3.657s]       |         [01;31m[K^~~~[m[K
[3.657s] [01m[K/home/hiromasa/ros2_ws/src/mypkg/src/mypkg.cpp:741:9:[m[K [01;31m[Kerror: [m[Kexpected unqualified-id before â€˜[01m[Kfor[m[Kâ€™
[3.657s]   741 |         [01;31m[Kfor[m[K(int y = 1; y < height-1; y++){
[3.657s]       |         [01;31m[K^~~[m[K
[3.658s] [01m[K/home/hiromasa/ros2_ws/src/mypkg/src/mypkg.cpp:741:24:[m[K [01;31m[Kerror: [m[Kâ€˜[01m[Ky[m[Kâ€™ does not name a type
[3.658s]   741 |         for(int y = 1; [01;31m[Ky[m[K < height-1; y++){
[3.658s]       |                        [01;31m[K^[m[K
[3.660s] [01m[K/home/hiromasa/ros2_ws/src/mypkg/src/mypkg.cpp:741:38:[m[K [01;31m[Kerror: [m[Kâ€˜[01m[Ky[m[Kâ€™ does not name a type
[3.660s]   741 |         for(int y = 1; y < height-1; [01;31m[Ky[m[K++){
[3.660s]       |                                      [01;31m[K^[m[K
[3.660s] [01m[K/home/hiromasa/ros2_ws/src/mypkg/src/mypkg.cpp:795:9:[m[K [01;31m[Kerror: [m[Kexpected unqualified-id before â€˜[01m[Kdelete[m[Kâ€™
[3.660s]   795 |         [01;31m[Kdelete[m[K[] check;
[3.660s]       |         [01;31m[K^~~~~~[m[K
[3.660s] [01m[K/home/hiromasa/ros2_ws/src/mypkg/src/mypkg.cpp:796:15:[m[K [01;31m[Kerror: [m[Kexpected constructor, destructor, or type conversion before â€˜[01m[K([m[Kâ€™ token
[3.661s]   796 |         fclose[01;31m[K([m[Kfp);
[3.661s]       |               [01;31m[K^[m[K
[3.661s] [01m[K/home/hiromasa/ros2_ws/src/mypkg/src/mypkg.cpp:797:1:[m[K [01;31m[Kerror: [m[Kexpected declaration before â€˜[01m[K}[m[Kâ€™ token
[3.661s]   797 | [01;31m[K}[m[K
[3.661s]       | [01;31m[K^[m[K
[4.560s] gmake[2]: *** [CMakeFiles/mypkg.dir/build.make:76: CMakeFiles/mypkg.dir/src/mypkg.cpp.o] ã‚¨ãƒ©ãƒ¼ 1
[4.560s] gmake[1]: *** [CMakeFiles/Makefile2:137: CMakeFiles/mypkg.dir/all] ã‚¨ãƒ©ãƒ¼ 2
[4.560s] gmake: *** [Makefile:146: all] ã‚¨ãƒ©ãƒ¼ 2
[4.562s] Invoked command in '/home/hiromasa/ros2_ws/build/mypkg' returned '2': CMAKE_PREFIX_PATH=/opt/ros/humble /usr/bin/cmake --build /home/hiromasa/ros2_ws/build/mypkg -- -j8 -l8
