[01m[K/home/hiromasa/ros2_ws/src/mypkg/src/mypkg.cpp:[m[K In function â€˜[01m[Kint main(int, char**)[m[Kâ€™:
[01m[K/home/hiromasa/ros2_ws/src/mypkg/src/mypkg.cpp:23:9:[m[K [01;31m[Kerror: [m[Kâ€˜[01m[Kcout[m[Kâ€™ was not declared in this scope; did you mean â€˜[01m[Kstd::cout[m[Kâ€™?
   23 |         [01;31m[Kcout[m[K << "Complete" << endl;
      |         [01;31m[K^~~~[m[K
      |         [32m[Kstd::cout[m[K
In file included from [01m[K/home/hiromasa/ros2_ws/src/mypkg/src/mypkg.cpp:1[m[K:
[01m[K/usr/include/c++/11/iostream:61:18:[m[K [01;36m[Knote: [m[Kâ€˜[01m[Kstd::cout[m[Kâ€™ declared here
   61 |   extern ostream [01;36m[Kcout[m[K;          /// Linked to standard output
      |                  [01;36m[K^~~~[m[K
[01m[K/home/hiromasa/ros2_ws/src/mypkg/src/mypkg.cpp:23:31:[m[K [01;31m[Kerror: [m[Kâ€˜[01m[Kendl[m[Kâ€™ was not declared in this scope; did you mean â€˜[01m[Kstd::endl[m[Kâ€™?
   23 |         cout << "Complete" << [01;31m[Kendl[m[K;
      |                               [01;31m[K^~~~[m[K
      |                               [32m[Kstd::endl[m[K
In file included from [01m[K/usr/include/c++/11/iostream:39[m[K,
                 from [01m[K/home/hiromasa/ros2_ws/src/mypkg/src/mypkg.cpp:1[m[K:
[01m[K/usr/include/c++/11/ostream:684:5:[m[K [01;36m[Knote: [m[Kâ€˜[01m[Kstd::endl[m[Kâ€™ declared here
  684 |     [01;36m[Kendl[m[K(basic_ostream<_CharT, _Traits>& __os)
      |     [01;36m[K^~~~[m[K
gmake[2]: *** [CMakeFiles/mypkg.dir/build.make:76: CMakeFiles/mypkg.dir/src/mypkg.cpp.o] ã‚¨ãƒ©ãƒ¼ 1
gmake[1]: *** [CMakeFiles/Makefile2:137: CMakeFiles/mypkg.dir/all] ã‚¨ãƒ©ãƒ¼ 2
gmake: *** [Makefile:146: all] ã‚¨ãƒ©ãƒ¼ 2
