[35m[1mConsolidate compiler generated dependencies of target rectangletest[0m
[ 50%] [32mBuilding CXX object CMakeFiles/rectangletest.dir/src/rectangletest.cpp.o[0m
[01m[K/home/morita/ros2_ws/src/rectagletest/src/rectangletest.cpp:[m[K In function â€˜[01m[Kint main()[m[Kâ€™:
[01m[K/home/morita/ros2_ws/src/rectagletest/src/rectangletest.cpp:24:22:[m[K [01;31m[Kerror: [m[Kâ€˜[01m[Kargc[m[Kâ€™ was not declared in this scope
   24 |         rclcpp::init([01;31m[Kargc[m[K, argv);
      |                      [01;31m[K^~~~[m[K
[01m[K/home/morita/ros2_ws/src/rectagletest/src/rectangletest.cpp:24:28:[m[K [01;31m[Kerror: [m[Kâ€˜[01m[Kargv[m[Kâ€™ was not declared in this scope
   24 |         rclcpp::init(argc, [01;31m[Kargv[m[K);
      |                            [01;31m[K^~~~[m[K
gmake[2]: *** [CMakeFiles/rectangletest.dir/build.make:76: CMakeFiles/rectangletest.dir/src/rectangletest.cpp.o] Error 1
gmake[1]: *** [CMakeFiles/Makefile2:137: CMakeFiles/rectangletest.dir/all] Error 2
gmake: *** [Makefile:146: all] Error 2
