[0.090s] Invoking command in '/home/morita/ros2_ws/build/mypkg': CMAKE_PREFIX_PATH=/opt/ros/humble /usr/bin/cmake --build /home/morita/ros2_ws/build/mypkg -- -j8 -l8
[0.126s] [35m[1mConsolidate compiler generated dependencies of target mypkg[0m
[0.143s] [ 50%] [32mBuilding CXX object CMakeFiles/mypkg.dir/src/mypkg.cpp.o[0m
[3.191s] [01m[K/home/morita/ros2_ws/src/mypkg/src/mypkg.cpp:[m[K In function â€˜[01m[Kvoid route_search(int*, int*, int*, int*, int*, int (*)[2], int*, int**)[m[Kâ€™:
[3.191s] [01m[K/home/morita/ros2_ws/src/mypkg/src/mypkg.cpp:719:29:[m[K [01;35m[Kwarning: [m[Kunused variable â€˜[01m[Kn[m[Kâ€™ [[01;35m[K]8;;https://gcc.gnu.org/onlinedocs/gcc/Warning-Options.html#index-Wunused-variable-Wunused-variable]8;;[m[K]
[3.191s]   719 |                         int [01;35m[Kn[m[K = i;
[3.191s]       |                             [01;35m[K^[m[K
[3.196s] [01m[K/home/morita/ros2_ws/src/mypkg/src/mypkg.cpp:720:39:[m[K [01;31m[Kerror: [m[Kâ€˜[01m[Kn[m[Kâ€™ was not declared in this scope
[3.196s]   720 |         cout << "array number is " << [01;31m[Kn[m[K << endl;
[3.196s]       |                                       [01;31m[K^[m[K
[3.206s] [01m[K/home/morita/ros2_ws/src/mypkg/src/mypkg.cpp:[m[K In function â€˜[01m[Kint main(int, char**)[m[Kâ€™:
[3.206s] [01m[K/home/morita/ros2_ws/src/mypkg/src/mypkg.cpp:904:45:[m[K [01;31m[Kerror: [m[Kcannot convert â€˜[01m[Kint*[m[Kâ€™ to â€˜[01m[Kint**[m[Kâ€™
[3.206s]   904 |         find_endPoint(&count, p, end_point, [01;31m[Kstart_point[m[K, binaryImg);
[3.206s]       |                                             [01;31m[K^~~~~~~~~~~[m[K
[3.206s]       |                                             [01;31m[K|[m[K
[3.206s]       |                                             [01;31m[Kint*[m[K
[3.207s] [01m[K/home/morita/ros2_ws/src/mypkg/src/mypkg.cpp:123:72:[m[K [01;36m[Knote: [m[K  initializing argument 4 of â€˜[01m[Kvoid find_endPoint(int*, int*, int (*)[2], int**)[m[Kâ€™
[3.207s]   123 | find_endPoint(int *count, int p[9], int end_point[NUM][XY], [01;36m[Kint** binaryImg[m[K){
[3.207s]       |                                                             [01;36m[K~~~~~~^~~~~~~~~[m[K
[3.207s] 
[3.207s] [01m[K/home/morita/ros2_ws/src/mypkg/src/mypkg.cpp:913:84:[m[K [01;31m[Kerror: [m[Kcannot convert â€˜[01m[Kint**[m[Kâ€™ to â€˜[01m[Kint*[m[Kâ€™
[3.207s]   913 | rch(&lines_count, &one_before, &two_before, &count, p, end_point, [01;31m[KbinaryImg[m[K);
[3.207s]       |                                                                   [01;31m[K^~~~~~~~~[m[K
[3.208s]       |                                                                   [01;31m[K|[m[K
[3.208s]       |                                                                   [01;31m[Kint**[m[K
[3.208s] 
[3.208s] [01m[K/home/morita/ros2_ws/src/mypkg/src/mypkg.cpp:697:103:[m[K [01;36m[Knote: [m[K  initializing argument 7 of â€˜[01m[Kvoid route_search(int*, int*, int*, int*, int*, int (*)[2], int*, int**)[m[Kâ€™
[3.208s]   697 | int* one, int* two, int* count, int p[9], int point[NUM][XY], [01;36m[Kint start_point[XY][m[K, int** binaryImg){
[3.208s]       |                                                               [01;36m[K~~~~^~~~~~~~~~~~~~~[m[K
[3.208s] 
[4.040s] gmake[2]: *** [CMakeFiles/mypkg.dir/build.make:76: CMakeFiles/mypkg.dir/src/mypkg.cpp.o] Error 1
[4.041s] gmake[1]: *** [CMakeFiles/Makefile2:137: CMakeFiles/mypkg.dir/all] Error 2
[4.041s] gmake: *** [Makefile:146: all] Error 2
[4.043s] Invoked command in '/home/morita/ros2_ws/build/mypkg' returned '2': CMAKE_PREFIX_PATH=/opt/ros/humble /usr/bin/cmake --build /home/morita/ros2_ws/build/mypkg -- -j8 -l8
