[35m[1mConsolidate compiler generated dependencies of target mypkg[0m
[ 50%] [32mBuilding CXX object CMakeFiles/mypkg.dir/src/mypkg.cpp.o[0m
[01m[K/home/morita/ros2_ws/src/mypkg/src/mypkg.cpp:[m[K In function â€˜[01m[Kint main(int, char**)[m[Kâ€™:
[01m[K/home/morita/ros2_ws/src/mypkg/src/mypkg.cpp:885:58:[m[K [01;31m[Kerror: [m[Krequest for member â€˜[01m[Kimg[m[Kâ€™ in â€˜[01m[K"/home/morita/ros2_ws/output/canny.jpg"[m[Kâ€™, which is of non-class type â€˜[01m[Kconst char [38][m[Kâ€™
  885 |         imwrite("/home/morita/ros2_ws/output/canny.jpg". [01;31m[Kimg[m[K);
      |                                                          [01;31m[K^~~[m[K
gmake[2]: *** [CMakeFiles/mypkg.dir/build.make:76: CMakeFiles/mypkg.dir/src/mypkg.cpp.o] Error 1
gmake[1]: *** [CMakeFiles/Makefile2:137: CMakeFiles/mypkg.dir/all] Error 2
gmake: *** [Makefile:146: all] Error 2
