[0.051s] Invoking command in '/home/morita/ros2_ws/build/rectagletest': CMAKE_PREFIX_PATH=/opt/ros/humble /usr/bin/cmake --build /home/morita/ros2_ws/build/rectagletest -- -j8 -l8
[0.087s] [35m[1mConsolidate compiler generated dependencies of target rectangletest[0m
[0.104s] [ 50%] [32mBuilding CXX object CMakeFiles/rectangletest.dir/src/rectangletest.cpp.o[0m
[3.178s] [01m[K/home/morita/ros2_ws/src/rectagletest/src/rectangletest.cpp:[m[K In function â€˜[01m[Kint main()[m[Kâ€™:
[3.178s] [01m[K/home/morita/ros2_ws/src/rectagletest/src/rectangletest.cpp:30:32:[m[K [01;31m[Kerror: [m[Koverloaded function with no contextual type information
[3.178s]    30 |         size = int(img.cols / 4[01;31m[K)[m[K;
[3.178s]       |                                [01;31m[K^[m[K
[3.182s] [01m[K/home/morita/ros2_ws/src/rectagletest/src/rectangletest.cpp:31:9:[m[K [01;31m[Kerror: [m[Kâ€˜[01m[Kx[m[Kâ€™ was not declared in this scope
[3.182s]    31 |         [01;31m[Kx[m[K = (img.cols / 2) / 3;
[3.182s]       |         [01;31m[K^[m[K
[3.185s] [01m[K/home/morita/ros2_ws/src/rectagletest/src/rectangletest.cpp:32:9:[m[K [01;31m[Kerror: [m[Kâ€˜[01m[Ky[m[Kâ€™ was not declared in this scope; did you mean â€˜[01m[Kyn[m[Kâ€™?
[3.185s]    32 |         [01;31m[Ky[m[K = size;
[3.185s]       |         [01;31m[K^[m[K
[3.185s]       |         [32m[Kyn[m[K
[4.013s] gmake[2]: *** [CMakeFiles/rectangletest.dir/build.make:76: CMakeFiles/rectangletest.dir/src/rectangletest.cpp.o] Error 1
[4.013s] gmake[1]: *** [CMakeFiles/Makefile2:137: CMakeFiles/rectangletest.dir/all] Error 2
[4.013s] gmake: *** [Makefile:146: all] Error 2
[4.015s] Invoked command in '/home/morita/ros2_ws/build/rectagletest' returned '2': CMAKE_PREFIX_PATH=/opt/ros/humble /usr/bin/cmake --build /home/morita/ros2_ws/build/rectagletest -- -j8 -l8
