[0.089s] Invoking command in '/home/morita/ros2_ws/build/improved': CMAKE_PREFIX_PATH=/opt/ros/humble /usr/bin/cmake --build /home/morita/ros2_ws/build/improved -- -j8 -l8
[0.173s] [35m[1mConsolidate compiler generated dependencies of target improved[0m
[0.204s] [ 50%] [32mBuilding CXX object CMakeFiles/improved.dir/src/improved.cpp.o[0m
[3.503s] [01m[K/home/morita/ros2_ws/src/improved/src/improved.cpp:[m[K In function â€˜[01m[Kvoid route_search(int*, int*, int*, int*, int*, int (*)[2], int**)[m[Kâ€™:
[3.503s] [01m[K/home/morita/ros2_ws/src/improved/src/improved.cpp:635:21:[m[K [01;31m[Kerror: [m[Kâ€˜[01m[KImg_Resize[m[Kâ€™ was not declared in this scope
[3.503s]   635 |         route_img = [01;31m[KImg_Resize[m[K(route_img);
[3.503s]       |                     [01;31m[K^~~~~~~~~~[m[K
[4.340s] gmake[2]: *** [CMakeFiles/improved.dir/build.make:76: CMakeFiles/improved.dir/src/improved.cpp.o] Error 1
[4.340s] gmake[1]: *** [CMakeFiles/Makefile2:137: CMakeFiles/improved.dir/all] Error 2
[4.340s] gmake: *** [Makefile:146: all] Error 2
[4.342s] Invoked command in '/home/morita/ros2_ws/build/improved' returned '2': CMAKE_PREFIX_PATH=/opt/ros/humble /usr/bin/cmake --build /home/morita/ros2_ws/build/improved -- -j8 -l8
