[0.052s] Invoking command in '/home/morita/ros2_ws/build/rectagletest': CMAKE_PREFIX_PATH=/opt/ros/humble /usr/bin/cmake --build /home/morita/ros2_ws/build/rectagletest -- -j8 -l8
[0.086s] [35m[1mConsolidate compiler generated dependencies of target rectangletest[0m
[0.098s] [ 50%] [32mBuilding CXX object CMakeFiles/rectangletest.dir/src/rectangletest.cpp.o[0m
[3.123s] [01m[K/home/morita/ros2_ws/src/rectagletest/src/rectangletest.cpp:[m[K In function â€˜[01m[Kint main()[m[Kâ€™:
[3.123s] [01m[K/home/morita/ros2_ws/src/rectagletest/src/rectangletest.cpp:22:9:[m[K [01;31m[Kerror: [m[Kâ€˜[01m[Kstring[m[Kâ€™ was not declared in this scope
[3.123s]    22 |         [01;31m[Kstring[m[K input_file = "/home/morita/ros2_ws/output/canny.jpg";
[3.123s]       |         [01;31m[K^~~~~~[m[K
[3.123s] [01m[K/home/morita/ros2_ws/src/rectagletest/src/rectangletest.cpp:22:9:[m[K [01;36m[Knote: [m[Ksuggested alternatives:
[3.123s] In file included from [01m[K/usr/include/c++/11/iosfwd:39[m[K,
[3.123s]                  from [01m[K/usr/include/c++/11/ios:38[m[K,
[3.123s]                  from [01m[K/usr/include/c++/11/ostream:38[m[K,
[3.123s]                  from [01m[K/usr/include/c++/11/iostream:39[m[K,
[3.124s]                  from [01m[K/home/morita/ros2_ws/src/rectagletest/src/rectangletest.cpp:1[m[K:
[3.124s] [01m[K/usr/include/c++/11/bits/stringfwd.h:79:33:[m[K [01;36m[Knote: [m[K  â€˜[01m[Kstd::string[m[Kâ€™
[3.124s]    79 |   typedef basic_string<char>    [01;36m[Kstring[m[K;
[3.124s]       |                                 [01;36m[K^~~~~~[m[K
[3.124s] In file included from [01m[K/usr/include/c++/11/bits/locale_classes.h:40[m[K,
[3.124s]                  from [01m[K/usr/include/c++/11/bits/ios_base.h:41[m[K,
[3.124s]                  from [01m[K/usr/include/c++/11/ios:42[m[K,
[3.124s]                  from [01m[K/usr/include/c++/11/ostream:38[m[K,
[3.124s]                  from [01m[K/usr/include/c++/11/iostream:39[m[K,
[3.124s]                  from [01m[K/home/morita/ros2_ws/src/rectagletest/src/rectangletest.cpp:1[m[K:
[3.124s] [01m[K/usr/include/c++/11/string:67:11:[m[K [01;36m[Knote: [m[K  â€˜[01m[Kstd::pmr::string[m[Kâ€™
[3.124s]    67 |     using [01;36m[Kstring[m[K    = basic_string<char>;
[3.124s]       |           [01;36m[K^~~~~~[m[K
[3.124s] [01m[K/home/morita/ros2_ws/src/rectagletest/src/rectangletest.cpp:23:15:[m[K [01;31m[Kerror: [m[Kexpected â€˜[01m[K;[m[Kâ€™ before â€˜[01m[Koutput_file[m[Kâ€™
[3.125s]    23 |         string[01;31m[K [m[K[32m[Koutput_file[m[K = "/home/morita/ros2_ws/output/rectangle.jpg";
[3.125s]       |               [01;31m[K^[m[K[32m[K~~~~~~~~~~~[m[K
[3.125s]       |               [32m[K;[m[K
[3.125s] [01m[K/home/morita/ros2_ws/src/rectagletest/src/rectangletest.cpp:25:9:[m[K [01;31m[Kerror: [m[Kâ€˜[01m[KMat[m[Kâ€™ was not declared in this scope; did you mean â€˜[01m[Kcv::Mat[m[Kâ€™?
[3.125s]    25 |         [01;31m[KMat[m[K img = imread(input_file, IMREAD_COLOR);
[3.125s]       |         [01;31m[K^~~[m[K
[3.125s]       |         [32m[Kcv::Mat[m[K
[3.125s] In file included from [01m[K/usr/include/opencv4/opencv2/core.hpp:58[m[K,
[3.125s]                  from [01m[K/usr/include/opencv4/opencv2/opencv.hpp:52[m[K,
[3.125s]                  from [01m[K/home/morita/ros2_ws/src/rectagletest/src/rectangletest.cpp:12[m[K:
[3.125s] [01m[K/usr/include/opencv4/opencv2/core/mat.hpp:801:18:[m[K [01;36m[Knote: [m[Kâ€˜[01m[Kcv::Mat[m[Kâ€™ declared here
[3.125s]   801 | class CV_EXPORTS [01;36m[KMat[m[K
[3.125s]       |                  [01;36m[K^~~[m[K
[3.125s] [01m[K/home/morita/ros2_ws/src/rectagletest/src/rectangletest.cpp:27:9:[m[K [01;31m[Kerror: [m[Kâ€˜[01m[Ksize[m[Kâ€™ was not declared in this scope; did you mean â€˜[01m[Kstd::size[m[Kâ€™?
[3.125s]    27 |         [01;31m[Ksize[m[K = int(img.cols / 4);
[3.126s]       |         [01;31m[K^~~~[m[K
[3.126s]       |         [32m[Kstd::size[m[K
[3.126s] In file included from [01m[K/usr/include/c++/11/string:54[m[K,
[3.126s]                  from [01m[K/usr/include/c++/11/bits/locale_classes.h:40[m[K,
[3.126s]                  from [01m[K/usr/include/c++/11/bits/ios_base.h:41[m[K,
[3.126s]                  from [01m[K/usr/include/c++/11/ios:42[m[K,
[3.126s]                  from [01m[K/usr/include/c++/11/ostream:38[m[K,
[3.126s]                  from [01m[K/usr/include/c++/11/iostream:39[m[K,
[3.126s]                  from [01m[K/home/morita/ros2_ws/src/rectagletest/src/rectangletest.cpp:1[m[K:
[3.126s] [01m[K/usr/include/c++/11/bits/range_access.h:254:5:[m[K [01;36m[Knote: [m[Kâ€˜[01m[Kstd::size[m[Kâ€™ declared here
[3.126s]   254 |     [01;36m[Ksize[m[K(const _Tp (&)[_Nm]) noexcept
[3.126s]       |     [01;36m[K^~~~[m[K
[3.128s] [01m[K/home/morita/ros2_ws/src/rectagletest/src/rectangletest.cpp:27:20:[m[K [01;31m[Kerror: [m[Kâ€˜[01m[Kimg[m[Kâ€™ was not declared in this scope
[3.128s]    27 |         size = int([01;31m[Kimg[m[K.cols / 4);
[3.128s]       |                    [01;31m[K^~~[m[K
[3.131s] [01m[K/home/morita/ros2_ws/src/rectagletest/src/rectangletest.cpp:28:9:[m[K [01;31m[Kerror: [m[Kâ€˜[01m[Kx[m[Kâ€™ was not declared in this scope
[3.131s]    28 |         [01;31m[Kx[m[K = (img.cols / 2) / 3;
[3.131s]       |         [01;31m[K^[m[K
[3.135s] [01m[K/home/morita/ros2_ws/src/rectagletest/src/rectangletest.cpp:29:9:[m[K [01;31m[Kerror: [m[Kâ€˜[01m[Ky[m[Kâ€™ was not declared in this scope; did you mean â€˜[01m[Kyn[m[Kâ€™?
[3.135s]    29 |         [01;31m[Ky[m[K = size;
[3.135s]       |         [01;31m[K^[m[K
[3.135s]       |         [32m[Kyn[m[K
[3.135s] [01m[K/home/morita/ros2_ws/src/rectagletest/src/rectangletest.cpp:32:24:[m[K [01;31m[Kerror: [m[Kâ€˜[01m[KPoint[m[Kâ€™ was not declared in this scope; did you mean â€˜[01m[Kcv::Point[m[Kâ€™?
[3.135s]    32 |         rectangle(img, [01;31m[KPoint[m[K(x, y), Point(x + size, y + size), Scalar(0,0,255), 3);
[3.135s]       |                        [01;31m[K^~~~~[m[K
[3.135s]       |                        [32m[Kcv::Point[m[K
[3.135s] In file included from [01m[K/usr/include/opencv4/opencv2/core.hpp:57[m[K,
[3.135s]                  from [01m[K/usr/include/opencv4/opencv2/opencv.hpp:52[m[K,
[3.136s]                  from [01m[K/home/morita/ros2_ws/src/rectagletest/src/rectangletest.cpp:12[m[K:
[3.136s] [01m[K/usr/include/opencv4/opencv2/core/types.hpp:198:17:[m[K [01;36m[Knote: [m[Kâ€˜[01m[Kcv::Point[m[Kâ€™ declared here
[3.136s]   198 | typedef Point2i [01;36m[KPoint[m[K;
[3.136s]       |                 [01;36m[K^~~~~[m[K
[3.136s] [01m[K/home/morita/ros2_ws/src/rectagletest/src/rectangletest.cpp:32:64:[m[K [01;31m[Kerror: [m[Kâ€˜[01m[KScalar[m[Kâ€™ was not declared in this scope; did you mean â€˜[01m[Kcv::Scalar[m[Kâ€™?
[3.136s]    32 |         rectangle(img, Point(x, y), Point(x + size, y + size), [01;31m[KScalar[m[K(0,0,255), 3);
[3.136s]       |                                                                [01;31m[K^~~~~~[m[K
[3.136s]       |                                                                [32m[Kcv::Scalar[m[K
[3.136s] In file included from [01m[K/usr/include/opencv4/opencv2/core.hpp:57[m[K,
[3.136s]                  from [01m[K/usr/include/opencv4/opencv2/opencv.hpp:52[m[K,
[3.136s]                  from [01m[K/home/morita/ros2_ws/src/rectagletest/src/rectangletest.cpp:12[m[K:
[3.136s] [01m[K/usr/include/opencv4/opencv2/core/types.hpp:685:25:[m[K [01;36m[Knote: [m[Kâ€˜[01m[Kcv::Scalar[m[Kâ€™ declared here
[3.136s]   685 | typedef Scalar_<double> [01;36m[KScalar[m[K;
[3.137s]       |                         [01;36m[K^~~~~~[m[K
[3.137s] [01m[K/home/morita/ros2_ws/src/rectagletest/src/rectangletest.cpp:32:9:[m[K [01;31m[Kerror: [m[Kâ€˜[01m[Krectangle[m[Kâ€™ was not declared in this scope; did you mean â€˜[01m[Kcv::rectangle[m[Kâ€™?
[3.137s]    32 |         [01;31m[Krectangle[m[K(img, Point(x, y), Point(x + size, y + size), Scalar(0,0,255), 3);
[3.137s]       |         [01;31m[K^~~~~~~~~[m[K
[3.137s]       |         [32m[Kcv::rectangle[m[K
[3.137s] In file included from [01m[K/usr/include/opencv4/opencv2/opencv.hpp:74[m[K,
[3.137s]                  from [01m[K/home/morita/ros2_ws/src/rectagletest/src/rectangletest.cpp:12[m[K:
[3.137s] [01m[K/usr/include/opencv4/opencv2/imgproc.hpp:4441:19:[m[K [01;36m[Knote: [m[Kâ€˜[01m[Kcv::rectangle[m[Kâ€™ declared here
[3.137s]  4441 | CV_EXPORTS_W void [01;36m[Krectangle[m[K(InputOutputArray img, Rect rec,
[3.137s]       |                   [01;36m[K^~~~~~~~~[m[K
[3.142s] [01m[K/home/morita/ros2_ws/src/rectagletest/src/rectangletest.cpp:34:17:[m[K [01;31m[Kerror: [m[Kâ€˜[01m[Koutput_file[m[Kâ€™ was not declared in this scope
[3.142s]    34 |         imwrite([01;31m[Koutput_file[m[K, img);
[3.142s]       |                 [01;31m[K^~~~~~~~~~~[m[K
[3.143s] [01m[K/home/morita/ros2_ws/src/rectagletest/src/rectangletest.cpp:34:9:[m[K [01;31m[Kerror: [m[Kâ€˜[01m[Kimwrite[m[Kâ€™ was not declared in this scope; did you mean â€˜[01m[Kcv::imwrite[m[Kâ€™?
[3.143s]    34 |         [01;31m[Kimwrite[m[K(output_file, img);
[3.143s]       |         [01;31m[K^~~~~~~[m[K
[3.143s]       |         [32m[Kcv::imwrite[m[K
[3.143s] In file included from [01m[K/usr/include/opencv4/opencv2/highgui.hpp:48[m[K,
[3.143s]                  from [01m[K/usr/include/opencv4/opencv2/opencv.hpp:68[m[K,
[3.143s]                  from [01m[K/home/morita/ros2_ws/src/rectagletest/src/rectangletest.cpp:12[m[K:
[3.143s] [01m[K/usr/include/opencv4/opencv2/imgcodecs.hpp:267:19:[m[K [01;36m[Knote: [m[Kâ€˜[01m[Kcv::imwrite[m[Kâ€™ declared here
[3.143s]   267 | CV_EXPORTS_W bool [01;36m[Kimwrite[m[K( const String& filename, InputArray img,
[3.143s]       |                   [01;36m[K^~~~~~~[m[K
[3.952s] gmake[2]: *** [CMakeFiles/rectangletest.dir/build.make:76: CMakeFiles/rectangletest.dir/src/rectangletest.cpp.o] Error 1
[3.952s] gmake[1]: *** [CMakeFiles/Makefile2:137: CMakeFiles/rectangletest.dir/all] Error 2
[3.953s] gmake: *** [Makefile:146: all] Error 2
[3.955s] Invoked command in '/home/morita/ros2_ws/build/rectagletest' returned '2': CMAKE_PREFIX_PATH=/opt/ros/humble /usr/bin/cmake --build /home/morita/ros2_ws/build/rectagletest -- -j8 -l8
